<?xml version="1.0" encoding="UTF-8"?>
<testsuite name="deliege.adrien.cms.Tests" tests="1" skipped="0" failures="0" errors="0" timestamp="2019-05-03T10:27:38" hostname="MacBook-Pro-de-Adrien-4.local" time="0.001">
  <properties/>
  <testcase name="testAdditions" classname="deliege.adrien.cms.Tests" time="0.001"/>
  <system-out><![CDATA[]]></system-out>
  <system-err><![CDATA[]]></system-err>
</testsuite>
